SF:lib/core/error/failures.dart
DA:6,13
DA:8,0
DA:9,0
DA:13,1
DA:17,8
DA:21,4
DA:25,2
LF:7
LH:5
end_of_record
SF:lib/core/usecases/usecase.dart
DA:10,0
DA:11,0
LF:2
LH:0
end_of_record
SF:lib/features/food_tracking/domain/entities/food.dart
DA:12,4
DA:22,2
DA:23,2
DA:24,2
DA:25,8
DA:26,2
DA:27,4
DA:28,4
DA:29,4
DA:31,4
DA:34,4
DA:36,4
DA:38,1
DA:39,1
DA:43,1
DA:44,1
DA:45,4
DA:46,1
DA:48,1
DA:50,1
DA:53,1
DA:57,1
DA:67,1
DA:68,1
DA:69,1
DA:70,1
DA:72,1
DA:73,1
DA:74,1
DA:75,1
DA:76,0
DA:80,2
DA:81,2
DA:82,2
DA:83,2
DA:84,2
DA:85,2
DA:86,2
DA:87,2
DA:88,2
LF:40
LH:39
end_of_record
SF:lib/features/food_tracking/domain/usecases/get_all_foods.dart
DA:10,1
DA:12,1
DA:14,2
LF:3
LH:3
end_of_record
SF:lib/features/food_tracking/domain/usecases/add_foods.dart
DA:10,1
DA:12,1
DA:15,2
DA:16,2
DA:17,1
DA:31,2
LF:6
LH:6
end_of_record
SF:lib/features/food_tracking/domain/usecases/delete_food.dart
DA:14,0
DA:20,0
DA:23,0
DA:25,0
DA:26,0
DA:27,0
DA:29,0
DA:32,0
DA:33,0
DA:34,0
DA:35,0
DA:43,0
DA:44,0
DA:51,0
DA:61,1
DA:63,0
DA:64,0
LF:17
LH:1
end_of_record
SF:lib/features/food_tracking/domain/usecases/update_food.dart
DA:9,0
DA:11,0
DA:12,0
LF:3
LH:0
end_of_record
SF:lib/features/food_tracking/domain/usecases/add_food_from_text.dart
DA:13,0
DA:18,0
DA:20,0
DA:21,0
DA:24,0
DA:25,0
DA:27,0
DA:28,0
DA:29,0
DA:30,0
DA:31,0
DA:35,0
DA:41,0
DA:49,0
DA:51,0
DA:52,0
LF:16
LH:0
end_of_record
SF:lib/features/food_tracking/domain/usecases/parse_foods_from_text.dart
DA:11,0
DA:13,0
DA:17,0
DA:24,0
LF:4
LH:0
end_of_record
SF:lib/features/food_tracking/domain/usecases/get_foods_by_expiry.dart
DA:11,0
DA:13,0
DA:17,0
DA:24,0
DA:26,0
DA:27,0
LF:6
LH:0
end_of_record
SF:lib/features/recipes/domain/usecases/update_recipes_after_food_deletion.dart
DA:11,0
DA:13,0
DA:15,0
DA:22,1
DA:24,0
DA:25,0
LF:6
LH:1
end_of_record
SF:lib/features/food_tracking/presentation/bloc/food_bloc.dart
DA:29,1
DA:39,2
DA:40,2
DA:41,2
DA:42,2
DA:43,2
DA:44,2
DA:45,2
DA:46,2
DA:47,2
DA:48,2
DA:49,2
DA:50,2
DA:51,2
DA:54,1
DA:58,2
DA:60,3
DA:62,6
DA:68,1
DA:69,1
DA:70,2
DA:73,1
DA:74,3
DA:76,0
DA:77,0
DA:78,0
DA:80,0
DA:86,1
DA:87,1
DA:88,0
DA:90,1
DA:91,1
DA:92,1
DA:101,0
DA:105,0
DA:106,0
DA:107,0
DA:108,0
DA:109,0
DA:110,0
DA:111,0
DA:112,0
DA:117,0
DA:118,0
DA:121,0
DA:122,0
DA:123,0
DA:124,0
DA:125,0
DA:126,0
DA:128,0
DA:131,0
DA:132,0
DA:137,0
DA:141,0
DA:142,0
DA:144,0
DA:145,0
DA:148,0
DA:149,0
DA:150,0
DA:151,0
DA:153,0
DA:154,0
DA:155,0
DA:156,0
DA:162,1
DA:166,1
DA:167,1
DA:169,0
DA:170,0
DA:171,0
DA:172,0
DA:173,0
DA:177,0
DA:179,0
DA:180,0
DA:181,0
DA:182,0
DA:183,0
DA:184,0
DA:185,0
DA:186,0
DA:187,0
DA:188,0
DA:192,0
DA:193,0
DA:198,1
DA:202,1
DA:203,1
DA:205,1
DA:208,2
DA:210,0
DA:211,0
DA:212,0
DA:215,0
DA:219,1
DA:221,4
DA:222,1
DA:225,1
DA:226,1
DA:228,1
DA:229,1
DA:234,1
DA:238,1
DA:239,1
DA:241,1
DA:244,2
DA:246,1
DA:247,4
DA:248,2
DA:251,1
DA:255,1
DA:257,0
DA:258,0
DA:261,1
DA:262,1
DA:264,1
DA:269,1
DA:273,1
DA:274,1
DA:275,1
DA:276,1
DA:277,1
DA:278,1
DA:279,1
DA:280,1
DA:285,1
DA:286,2
DA:287,4
DA:288,0
DA:292,2
DA:293,1
DA:294,1
DA:295,1
DA:300,4
DA:302,1
DA:303,0
DA:304,0
DA:305,0
DA:307,3
DA:310,1
DA:314,1
DA:315,1
DA:318,2
DA:319,4
DA:320,0
DA:324,1
DA:325,1
DA:329,2
DA:331,2
DA:332,2
DA:336,2
DA:337,1
DA:338,1
DA:339,1
DA:344,2
DA:346,1
DA:347,0
DA:348,0
DA:349,0
DA:351,1
DA:353,3
DA:354,3
DA:355,1
DA:357,2
DA:363,2
DA:365,0
DA:366,0
DA:367,0
DA:370,0
DA:374,1
DA:376,0
DA:377,0
DA:380,1
DA:381,1
DA:387,0
DA:391,0
DA:392,0
DA:393,0
DA:394,0
DA:395,0
DA:396,0
DA:397,0
DA:398,0
DA:403,0
DA:405,0
DA:406,0
DA:407,0
DA:408,0
DA:410,0
DA:413,1
DA:417,1
DA:418,1
DA:420,3
DA:423,1
DA:425,0
DA:426,0
DA:431,1
DA:432,1
DA:435,1
DA:440,1
DA:441,1
DA:444,1
DA:445,1
DA:446,6
DA:449,1
DA:450,2
DA:452,1
DA:453,1
DA:454,1
DA:455,3
DA:458,0
DA:459,0
DA:460,0
DA:461,0
DA:462,0
DA:463,0
DA:465,0
DA:473,0
DA:477,0
DA:478,0
DA:481,0
DA:482,0
DA:483,0
DA:485,0
DA:488,0
DA:489,0
DA:490,0
DA:491,0
DA:492,0
DA:493,0
DA:499,0
DA:500,0
DA:504,0
DA:506,0
DA:507,0
DA:511,0
DA:515,0
DA:516,0
DA:517,0
DA:518,0
DA:519,0
DA:520,0
DA:521,0
DA:522,0
DA:528,0
DA:529,0
DA:531,0
DA:532,0
DA:533,0
DA:534,0
DA:537,0
DA:538,0
DA:539,0
DA:540,0
DA:544,0
LF:257
LH:119
end_of_record
SF:lib/features/food_tracking/presentation/bloc/food_event.dart
DA:5,3
DA:7,0
DA:8,0
DA:16,0
DA:18,0
DA:19,0
DA:25,1
DA:27,0
DA:28,0
DA:34,1
DA:36,0
DA:37,0
DA:45,1
DA:47,0
DA:48,0
DA:54,2
DA:56,0
DA:57,0
DA:63,0
DA:65,0
DA:66,0
DA:72,1
DA:74,0
DA:75,0
DA:81,0
DA:83,0
DA:84,0
DA:92,1
DA:94,0
DA:95,0
DA:99,0
DA:103,0
LF:32
LH:7
end_of_record
SF:lib/features/food_tracking/presentation/bloc/food_state.dart
DA:6,2
DA:8,1
DA:9,1
DA:23,1
DA:31,1
DA:32,1
DA:33,1
DA:34,1
DA:35,1
DA:36,1
DA:37,1
DA:40,1
DA:48,1
DA:49,1
DA:50,0
DA:53,1
DA:54,1
DA:55,1
DA:63,1
DA:65,1
DA:66,2
DA:76,1
DA:84,1
DA:85,1
DA:86,1
DA:87,1
DA:88,1
DA:89,1
DA:90,1
DA:102,0
DA:111,0
DA:112,0
DA:113,0
DA:114,0
DA:115,0
DA:116,0
DA:117,0
DA:118,0
LF:38
LH:28
end_of_record
SF:lib/core/error/exceptions.dart
DA:7,0
DA:12,0
LF:2
LH:0
end_of_record
SF:lib/core/services/notification_service.dart
DA:7,0
DA:8,0
DA:9,0
DA:18,0
DA:19,0
DA:20,0
DA:38,0
DA:40,0
DA:43,0
DA:46,0
DA:54,0
DA:55,0
DA:58,0
DA:61,0
DA:65,0
DA:67,0
DA:68,0
DA:73,0
DA:76,0
DA:77,0
DA:81,0
DA:90,0
DA:95,0
DA:96,0
DA:97,0
DA:98,0
DA:99,0
DA:100,0
DA:101,0
DA:102,0
DA:106,0
DA:107,0
DA:110,0
DA:132,0
DA:133,0
DA:136,0
DA:140,0
LF:37
LH:0
end_of_record
SF:lib/core/services/speech_service.dart
DA:9,0
DA:10,0
DA:12,0
DA:13,0
DA:16,0
DA:17,0
DA:20,0
DA:21,0
DA:24,0
DA:30,0
DA:32,0
DA:34,0
DA:38,0
DA:42,0
DA:43,0
DA:49,0
DA:50,0
DA:53,0
DA:57,0
DA:58,0
DA:62,0
DA:70,0
DA:71,0
DA:72,0
DA:77,0
DA:80,0
DA:88,0
DA:89,0
DA:92,0
DA:98,0
DA:99,0
DA:100,0
DA:101,0
DA:105,0
DA:106,0
DA:107,0
DA:108,0
DA:112,0
DA:114,0
DA:116,0
DA:118,0
DA:119,0
LF:42
LH:0
end_of_record
SF:lib/core/utils/demo_foods.dart
DA:7,1
DA:8,1
DA:11,1
DA:12,1
DA:13,1
DA:15,1
DA:16,1
DA:19,1
DA:20,1
DA:22,1
DA:23,1
DA:26,1
DA:27,1
DA:29,1
DA:36,1
LF:15
LH:15
end_of_record
SF:lib/features/food_tracking/data/datasources/food_local_data_source.dart
DA:21,0
DA:22,0
DA:23,0
DA:24,0
DA:27,0
DA:28,0
DA:29,0
DA:32,0
DA:33,0
DA:37,0
DA:38,0
DA:51,0
DA:61,0
DA:62,0
DA:64,0
DA:68,0
DA:71,0
DA:72,0
DA:83,0
DA:86,0
DA:88,0
DA:90,0
DA:99,0
DA:101,0
DA:110,0
DA:112,0
DA:113,0
DA:122,0
DA:124,0
DA:135,0
DA:138,0
DA:139,0
DA:143,0
DA:145,0
DA:149,0
DA:152,0
DA:153,0
DA:154,0
DA:156,0
DA:159,0
DA:163,0
DA:165,0
DA:169,0
DA:172,0
DA:173,0
DA:175,0
DA:180,0
DA:184,0
DA:187,0
DA:188,0
DA:190,0
DA:194,0
DA:197,0
DA:198,0
DA:200,0
DA:202,0
DA:206,0
LF:57
LH:0
end_of_record
SF:lib/features/food_tracking/data/models/food_model.dart
DA:4,0
DA:14,0
DA:15,0
DA:16,0
DA:17,0
DA:18,0
DA:19,0
DA:21,0
DA:22,0
DA:23,0
DA:24,0
DA:28,0
DA:29,0
DA:30,0
DA:31,0
DA:32,0
DA:33,0
DA:34,0
DA:35,0
DA:36,0
DA:40,0
DA:41,0
DA:42,0
DA:43,0
DA:44,0
DA:45,0
DA:46,0
DA:47,0
DA:48,0
LF:29
LH:0
end_of_record
SF:lib/features/food_tracking/data/datasources/food_tips_local_data_source.dart
DA:20,0
DA:21,0
DA:22,0
DA:23,0
DA:26,0
DA:27,0
DA:28,0
DA:31,0
DA:35,0
DA:36,0
DA:49,0
DA:52,0
DA:53,0
DA:55,0
DA:57,0
DA:65,0
DA:73,0
DA:81,0
DA:89,0
DA:99,0
DA:107,0
DA:115,0
DA:123,0
DA:131,0
DA:139,0
DA:149,0
DA:157,0
DA:165,0
DA:173,0
DA:183,0
DA:191,0
DA:201,0
DA:209,0
DA:217,0
DA:227,0
DA:237,0
DA:247,0
DA:257,0
DA:265,0
DA:273,0
DA:283,0
DA:284,0
DA:285,0
DA:286,0
DA:288,0
DA:292,0
DA:295,0
DA:296,0
DA:299,0
DA:303,0
DA:304,0
DA:305,0
DA:306,0
DA:307,0
DA:316,0
DA:323,0
DA:324,0
DA:325,0
DA:328,0
LF:59
LH:0
end_of_record
SF:lib/features/food_tracking/data/datasources/food_tips_service.dart
DA:15,0
DA:16,0
DA:17,0
DA:19,0
DA:22,0
DA:24,0
DA:28,0
DA:29,0
DA:46,0
DA:48,0
DA:49,0
DA:50,0
DA:51,0
DA:54,0
DA:56,0
DA:57,0
DA:64,0
DA:65,0
DA:68,0
DA:70,0
DA:73,0
DA:77,0
DA:82,0
DA:83,0
DA:84,0
DA:85,0
DA:90,0
DA:91,0
DA:102,0
DA:106,0
DA:107,0
DA:109,0
DA:111,0
DA:113,0
DA:115,0
DA:117,0
DA:119,0
DA:121,0
DA:123,0
DA:125,0
DA:132,0
DA:135,0
DA:137,0
DA:141,0
DA:142,0
DA:160,0
DA:162,0
DA:163,0
DA:164,0
DA:165,0
DA:168,0
DA:170,0
DA:171,0
DA:178,0
DA:179,0
DA:182,0
DA:184,0
DA:187,0
DA:190,0
DA:194,0
DA:195,0
DA:196,0
DA:197,0
DA:202,0
DA:205,0
DA:216,0
DA:220,0
DA:221,0
DA:223,0
DA:225,0
DA:227,0
DA:229,0
DA:231,0
DA:233,0
DA:235,0
DA:237,0
DA:239,0
LF:77
LH:0
end_of_record
SF:lib/features/food_tracking/data/datasources/openai_text_parser_service.dart
DA:12,0
DA:14,0
DA:17,0
DA:18,0
DA:22,0
DA:25,0
DA:26,0
DA:27,0
DA:31,0
DA:37,0
DA:78,0
DA:80,0
DA:81,0
DA:82,0
DA:83,0
DA:86,0
DA:88,0
DA:89,0
DA:96,0
DA:97,0
DA:100,0
DA:101,0
DA:104,0
DA:106,0
DA:109,0
DA:111,0
DA:114,0
DA:118,0
DA:120,0
DA:122,0
DA:123,0
DA:125,0
DA:127,0
DA:128,0
DA:129,0
DA:131,0
DA:132,0
DA:134,0
DA:135,0
DA:136,0
DA:137,0
DA:148,0
DA:152,0
DA:153,0
DA:157,0
DA:161,0
DA:162,0
DA:163,0
DA:166,0
DA:168,0
DA:171,0
DA:173,0
DA:176,0
DA:178,0
DA:182,0
DA:184,0
DA:186,0
DA:187,0
DA:188,0
DA:191,0
DA:192,0
DA:195,0
DA:200,0
DA:202,0
DA:203,0
DA:206,0
DA:209,0
DA:210,0
DA:222,0
DA:223,0
DA:226,0
DA:228,0
DA:230,0
DA:234,0
DA:235,0
DA:236,0
DA:237,0
DA:238,0
DA:239,0
DA:240,0
DA:241,0
DA:242,0
DA:243,0
DA:248,0
DA:250,0
DA:252,0
DA:256,0
DA:257,0
DA:258,0
DA:259,0
DA:264,0
DA:266,0
DA:268,0
DA:272,0
DA:273,0
DA:274,0
DA:275,0
DA:280,0
DA:281,0
DA:282,0
LF:100
LH:0
end_of_record
SF:lib/features/food_tracking/data/datasources/text_parser_service.dart
DA:11,0
DA:13,0
DA:14,0
DA:17,0
DA:19,0
DA:20,0
DA:21,0
DA:22,0
DA:23,0
DA:24,0
DA:25,0
DA:26,0
DA:28,0
DA:37,0
DA:38,0
DA:41,0
DA:43,0
DA:44,0
DA:45,0
DA:47,0
DA:48,0
DA:54,0
DA:55,0
DA:58,0
DA:60,0
DA:62,0
DA:64,0
DA:66,0
DA:68,0
DA:73,0
DA:77,0
DA:78,0
DA:80,0
DA:81,0
DA:85,0
DA:87,0
DA:88,0
DA:90,0
DA:91,0
DA:93,0
DA:96,0
DA:98,0
DA:99,0
DA:100,0
DA:102,0
DA:103,0
DA:104,0
DA:106,0
DA:107,0
DA:108,0
DA:109,0
DA:110,0
DA:113,0
DA:115,0
DA:116,0
DA:118,0
DA:122,0
DA:124,0
DA:125,0
DA:126,0
DA:129,0
DA:131,0
DA:133,0
DA:134,0
DA:141,0
DA:142,0
DA:144,0
DA:145,0
DA:147,0
DA:153,0
DA:158,0
DA:159,0
DA:160,0
DA:169,0
DA:170,0
DA:171,0
DA:174,0
DA:175,0
DA:201,0
DA:204,0
DA:205,0
DA:206,0
DA:218,0
DA:229,0
DA:254,0
DA:264,0
DA:272,0
DA:284,0
DA:285,0
DA:286,0
DA:287,0
LF:91
LH:0
end_of_record
SF:lib/features/food_tracking/data/repositories/food_repository_impl.dart
DA:12,0
DA:14,0
DA:17,0
DA:18,0
DA:19,0
DA:24,0
DA:27,0
DA:28,0
DA:29,0
DA:34,0
DA:37,0
DA:38,0
DA:39,0
DA:40,0
DA:47,0
DA:50,0
DA:51,0
DA:52,0
DA:53,0
DA:60,0
DA:63,0
DA:65,0
DA:70,0
DA:73,0
DA:74,0
DA:75,0
DA:76,0
LF:27
LH:0
end_of_record
SF:lib/features/food_tracking/data/repositories/openai_text_parser_repository_impl.dart
DA:11,0
DA:13,0
DA:16,0
DA:20,0
DA:22,0
DA:28,0
DA:29,0
DA:30,0
DA:32,0
DA:36,0
DA:39,0
LF:11
LH:0
end_of_record
SF:lib/features/food_tracking/domain/usecases/get_expiring_foods.dart
DA:11,0
DA:13,0
DA:17,0
DA:19,0
DA:20,0
DA:21,0
DA:22,0
DA:23,0
DA:26,0
DA:27,0
DA:29,0
DA:30,0
DA:31,0
DA:32,0
DA:36,0
DA:37,0
DA:45,2
DA:47,0
DA:48,0
LF:19
LH:1
end_of_record
SF:lib/features/food_tracking/presentation/widgets/food_card.dart
DA:10,1
DA:12,1
DA:13,1
DA:17,1
DA:19,3
DA:20,3
DA:21,1
DA:23,1
DA:26,1
DA:28,1
DA:29,1
DA:30,1
DA:31,1
DA:32,2
DA:33,4
DA:36,1
DA:39,1
DA:41,1
DA:42,3
DA:44,1
DA:47,3
DA:51,3
DA:57,1
DA:58,1
DA:59,1
DA:60,1
DA:61,1
DA:64,1
DA:65,1
DA:66,3
DA:67,1
DA:74,1
DA:77,3
DA:78,0
DA:79,0
DA:80,0
DA:81,0
DA:82,0
DA:87,0
DA:90,1
DA:91,3
DA:94,1
DA:97,3
DA:102,3
DA:103,0
DA:104,0
DA:105,0
DA:107,0
DA:116,1
DA:117,1
DA:118,1
DA:120,1
DA:121,1
DA:122,0
DA:123,1
DA:128,1
DA:129,1
DA:130,1
DA:131,1
DA:132,1
DA:136,1
DA:138,1
DA:139,1
DA:140,3
DA:141,1
DA:142,3
DA:150,1
DA:152,3
DA:162,1
DA:163,0
DA:164,0
DA:166,0
DA:167,0
DA:170,1
DA:173,1
DA:174,3
DA:175,0
DA:176,1
DA:179,1
DA:181,3
DA:189,1
DA:190,0
DA:191,0
DA:193,1
DA:196,1
DA:197,3
DA:198,0
DA:199,1
DA:202,1
DA:204,3
DA:213,3
DA:214,0
DA:215,0
DA:216,0
DA:218,0
DA:232,1
DA:234,1
DA:235,0
DA:236,1
DA:237,1
DA:238,1
DA:242,0
DA:243,0
DA:244,0
DA:246,0
DA:248,0
DA:249,0
DA:250,0
DA:252,0
DA:257,0
DA:258,0
DA:259,0
DA:263,0
DA:264,0
DA:266,0
DA:267,0
DA:269,0
DA:270,0
DA:271,0
DA:272,0
DA:275,0
DA:276,0
DA:278,0
DA:279,0
DA:281,0
DA:282,0
DA:283,0
DA:284,0
DA:285,0
DA:291,0
LF:130
LH:77
end_of_record
SF:lib/features/food_tracking/presentation/widgets/food_tips_dialog.dart
DA:8,0
DA:10,0
DA:11,0
DA:19,0
DA:21,0
DA:22,0
DA:23,0
DA:26,0
DA:28,0
DA:29,0
DA:30,0
DA:31,0
DA:32,0
DA:36,0
DA:37,0
DA:38,0
DA:44,0
DA:46,0
DA:47,0
DA:48,0
DA:50,0
DA:53,0
DA:54,0
DA:55,0
DA:56,0
DA:57,0
DA:58,0
DA:59,0
DA:64,0
DA:65,0
DA:73,0
DA:75,0
DA:76,0
DA:77,0
DA:79,0
DA:81,0
DA:82,0
DA:87,0
DA:88,0
DA:89,0
DA:90,0
DA:91,0
DA:99,0
DA:101,0
DA:102,0
DA:103,0
DA:120,0
DA:121,0
DA:123,0
DA:125,0
DA:127,0
DA:129,0
DA:131,0
DA:133,0
DA:135,0
DA:137,0
DA:139,0
LF:57
LH:0
end_of_record
SF:lib/injection_container.dart
DA:45,0
DA:47,0
DA:49,0
DA:50,0
DA:53,0
DA:54,0
DA:56,0
DA:57,0
DA:58,0
DA:59,0
DA:60,0
DA:61,0
DA:62,0
DA:63,0
DA:64,0
DA:65,0
DA:66,0
DA:70,0
DA:71,0
DA:72,0
DA:73,0
DA:74,0
DA:75,0
DA:79,0
DA:80,0
DA:81,0
DA:82,0
DA:83,0
DA:88,0
DA:89,0
DA:90,0
DA:91,0
DA:93,0
DA:94,0
DA:95,0
DA:96,0
DA:97,0
DA:98,0
DA:99,0
DA:102,0
DA:103,0
DA:104,0
DA:105,0
DA:107,0
DA:108,0
DA:109,0
DA:110,0
DA:111,0
DA:112,0
DA:113,0
DA:114,0
DA:115,0
DA:116,0
DA:117,0
DA:122,0
DA:123,0
DA:127,0
DA:128,0
DA:133,0
DA:134,0
DA:137,0
DA:138,0
DA:141,0
DA:142,0
DA:146,0
DA:147,0
DA:149,0
DA:150,0
DA:152,0
DA:153,0
DA:154,0
DA:156,0
DA:157,0
DA:159,0
DA:160,0
DA:161,0
DA:163,0
DA:164,0
DA:166,0
DA:167,0
LF:80
LH:0
end_of_record
SF:lib/features/notification/domain/usecases/schedule_daily_notification.dart
DA:14,0
DA:20,0
DA:23,0
DA:25,0
DA:26,0
DA:28,0
DA:33,0
DA:37,0
DA:38,0
DA:40,0
DA:41,0
DA:42,0
DA:49,0
DA:50,0
DA:61,0
DA:62,0
DA:64,0
DA:65,0
DA:67,0
DA:68,0
DA:69,0
DA:70,0
DA:72,0
DA:73,0
DA:75,0
DA:76,0
DA:77,0
DA:78,0
DA:81,0
DA:83,0
DA:84,0
DA:85,0
DA:86,0
DA:87,0
DA:88,0
DA:89,0
DA:90,0
DA:94,0
DA:96,0
DA:97,0
DA:99,0
DA:100,0
DA:102,0
DA:103,0
DA:105,0
DA:106,0
DA:109,0
DA:112,0
DA:113,0
DA:114,0
DA:116,0
DA:117,0
DA:118,0
LF:53
LH:0
end_of_record
SF:lib/features/settings/domain/usecases/get_notification_settings.dart
DA:11,0
DA:13,0
DA:15,0
LF:3
LH:0
end_of_record
SF:lib/features/recipes/data/datasources/openai_recipe_service.dart
DA:11,0
DA:13,0
DA:18,0
DA:19,0
DA:22,0
DA:23,0
DA:27,0
DA:31,0
DA:32,0
DA:34,0
DA:35,0
DA:36,0
DA:38,0
DA:40,0
DA:41,0
DA:42,0
DA:104,0
DA:106,0
DA:107,0
DA:108,0
DA:109,0
DA:112,0
DA:114,0
DA:115,0
DA:122,0
DA:123,0
DA:124,0
DA:128,0
DA:129,0
DA:132,0
DA:134,0
DA:137,0
DA:139,0
DA:142,0
DA:150,0
DA:152,0
DA:153,0
DA:155,0
DA:158,0
DA:159,0
DA:164,0
DA:168,0
DA:172,0
DA:175,0
DA:176,0
DA:178,0
DA:179,0
DA:181,0
DA:182,0
DA:183,0
DA:184,0
DA:185,0
DA:188,0
DA:193,0
DA:194,0
DA:199,0
DA:200,0
DA:201,0
DA:202,0
DA:204,0
DA:210,0
LF:61
LH:0
end_of_record
SF:lib/features/recipes/domain/entities/recipe.dart
DA:13,0
DA:24,0
DA:25,0
DA:27,0
DA:29,0
DA:31,0
DA:32,0
DA:33,0
DA:34,0
DA:35,0
DA:36,0
DA:41,0
DA:50,0
DA:53,0
DA:54,0
DA:62,0
DA:63,0
DA:64,0
DA:65,0
DA:67,0
DA:76,0
DA:77,0
DA:78,0
DA:79,0
DA:80,0
DA:81,0
DA:82,0
DA:83,0
DA:87,0
DA:88,0
DA:89,0
DA:90,0
DA:91,0
DA:92,0
DA:93,0
DA:94,0
DA:95,0
LF:37
LH:0
end_of_record
SF:lib/features/recipes/data/models/recipe_model.dart
DA:5,0
DA:15,0
DA:17,0
DA:18,0
DA:20,0
DA:21,0
DA:22,0
DA:23,0
DA:25,0
DA:26,0
DA:27,0
DA:28,0
DA:29,0
DA:33,0
DA:34,0
DA:35,0
DA:36,0
DA:37,0
DA:39,0
DA:40,0
DA:41,0
DA:42,0
DA:46,0
DA:47,0
DA:48,0
DA:49,0
DA:50,0
DA:51,0
DA:52,0
DA:53,0
DA:54,0
LF:31
LH:0
end_of_record
SF:lib/features/recipes/data/datasources/recipe_local_data_source.dart
DA:17,0
DA:20,0
DA:21,0
DA:24,0
DA:27,0
DA:29,0
DA:30,0
DA:33,0
DA:37,0
DA:40,0
DA:43,0
DA:44,0
DA:47,0
DA:48,0
DA:49,0
DA:50,0
DA:51,0
DA:52,0
DA:56,0
DA:58,0
DA:61,0
DA:64,0
DA:70,0
DA:73,0
DA:74,0
DA:75,0
DA:81,0
DA:84,0
DA:85,0
DA:91,0
DA:92,0
DA:93,0
DA:94,0
DA:97,0
DA:100,0
DA:101,0
DA:103,0
DA:105,0
DA:106,0
DA:107,0
DA:110,0
DA:111,0
DA:112,0
DA:113,0
DA:116,0
DA:118,0
DA:119,0
DA:120,0
DA:121,0
DA:124,0
DA:126,0
DA:127,0
DA:128,0
DA:131,0
DA:132,0
DA:133,0
DA:134,0
DA:137,0
DA:138,0
DA:143,0
DA:147,0
DA:153,0
DA:156,0
LF:63
LH:0
end_of_record
SF:lib/features/recipes/domain/entities/ingredient.dart
DA:9,0
DA:17,0
DA:19,0
DA:24,0
DA:28,0
DA:29,0
DA:33,0
DA:34,0
DA:36,0
DA:46,0
DA:47,0
DA:48,0
DA:49,0
DA:54,0
DA:55,0
DA:56,0
DA:57,0
DA:58,0
DA:60,0
DA:65,0
DA:66,0
DA:67,0
DA:71,0
DA:72,0
DA:73,0
DA:76,0
DA:80,0
DA:86,0
DA:87,0
DA:88,0
DA:89,0
DA:90,0
DA:95,0
DA:97,0
DA:98,0
DA:101,0
DA:102,0
DA:103,0
DA:105,0
DA:107,0
DA:110,0
DA:116,0
DA:119,0
DA:120,0
LF:44
LH:0
end_of_record
SF:lib/features/recipes/data/repositories/recipe_repository_impl.dart
DA:13,0
DA:18,0
DA:24,0
DA:28,0
DA:30,0
DA:34,0
DA:37,0
DA:38,0
DA:40,0
DA:44,0
DA:47,0
DA:48,0
DA:51,0
DA:55,0
DA:60,0
DA:63,0
DA:67,0
DA:72,0
DA:75,0
DA:79,0
DA:84,0
DA:85,0
DA:89,0
LF:23
LH:0
end_of_record
SF:lib/features/recipes/domain/usecases/generate_recipes.dart
DA:11,0
DA:13,0
DA:17,0
DA:18,0
DA:19,0
DA:28,0
DA:33,0
DA:34,0
LF:8
LH:0
end_of_record
SF:lib/features/recipes/domain/usecases/get_bookmarked_recipes.dart
DA:13,0
DA:18,0
DA:21,0
DA:23,0
DA:25,0
DA:27,0
DA:30,0
DA:31,0
DA:34,0
DA:35,0
DA:36,0
DA:39,0
DA:40,0
DA:41,0
DA:42,0
DA:43,0
DA:45,0
DA:48,0
DA:53,0
DA:54,0
DA:55,0
DA:56,0
DA:57,0
DA:60,0
DA:63,0
DA:67,0
DA:71,0
DA:75,0
DA:76,0
DA:77,0
DA:78,0
DA:79,0
DA:87,0
DA:90,0
LF:34
LH:0
end_of_record
SF:lib/features/recipes/domain/usecases/remove_bookmarked_recipe.dart
DA:11,0
DA:13,0
DA:17,0
DA:24,0
DA:26,0
DA:27,0
LF:6
LH:0
end_of_record
SF:lib/features/recipes/domain/usecases/save_bookmarked_recipe.dart
DA:12,0
DA:14,0
DA:16,0
DA:23,0
DA:25,0
DA:26,0
LF:6
LH:0
end_of_record
SF:lib/features/recipes/presentation/bloc/recipe_bloc.dart
DA:17,0
DA:22,0
DA:23,0
DA:24,0
DA:25,0
DA:26,0
DA:29,0
DA:33,0
DA:36,0
DA:37,0
DA:38,0
DA:39,0
DA:40,0
DA:41,0
DA:45,0
DA:46,0
DA:47,0
DA:52,0
DA:53,0
DA:54,0
DA:55,0
DA:60,0
DA:64,0
DA:66,0
DA:68,0
DA:69,0
DA:73,0
DA:74,0
DA:79,0
DA:80,0
DA:81,0
DA:82,0
DA:83,0
DA:86,0
DA:88,0
DA:92,0
DA:96,0
DA:98,0
DA:100,0
DA:101,0
DA:102,0
DA:106,0
DA:110,0
DA:111,0
DA:115,0
DA:116,0
DA:117,0
LF:47
LH:0
end_of_record
SF:lib/features/recipes/presentation/bloc/recipe_event.dart
DA:5,0
DA:7,0
DA:8,0
DA:14,0
DA:16,0
DA:17,0
DA:23,0
DA:25,0
DA:26,0
DA:34,0
DA:36,0
DA:37,0
LF:12
LH:0
end_of_record
SF:lib/features/recipes/presentation/bloc/recipe_state.dart
DA:5,0
DA:7,0
DA:8,0
DA:19,0
DA:21,0
DA:22,0
DA:24,0
DA:28,0
DA:29,0
DA:30,0
DA:38,0
DA:40,0
DA:41,0
DA:43,0
DA:44,0
DA:45,0
DA:53,0
DA:55,0
DA:56,0
LF:19
LH:0
end_of_record
SF:lib/features/settings/data/datasources/settings_local_data_source.dart
DA:12,0
DA:18,0
DA:21,0
DA:22,0
DA:23,0
DA:25,0
DA:32,0
DA:36,0
DA:38,0
DA:40,0
DA:42,0
DA:44,0
DA:46,0
LF:13
LH:0
end_of_record
SF:lib/features/settings/data/models/notification_settings_model.dart
DA:5,0
DA:10,0
DA:11,0
DA:12,0
DA:13,0
DA:14,0
DA:15,0
DA:20,0
DA:21,0
DA:22,0
DA:23,0
DA:24,0
DA:28,0
DA:29,0
DA:30,0
DA:31,0
LF:16
LH:0
end_of_record
SF:lib/features/settings/domain/entities/notification_settings.dart
DA:8,0
DA:13,0
DA:17,0
DA:18,0
DA:19,0
DA:23,0
DA:24,0
LF:7
LH:0
end_of_record
SF:lib/features/settings/data/repositories/settings_repository_impl.dart
DA:12,0
DA:14,0
DA:18,0
DA:19,0
DA:20,0
DA:21,0
DA:25,0
DA:30,0
DA:31,0
DA:33,0
DA:34,0
LF:11
LH:0
end_of_record
SF:lib/features/settings/domain/usecases/save_notification_settings.dart
DA:12,0
DA:14,0
DA:18,0
DA:25,0
DA:27,0
DA:28,0
LF:6
LH:0
end_of_record
SF:lib/features/settings/presentation/bloc/settings_state.dart
DA:4,0
DA:6,0
DA:7,0
DA:17,0
DA:19,0
DA:20,0
DA:26,0
DA:28,0
DA:29,0
LF:9
LH:0
end_of_record
SF:lib/features/settings/presentation/bloc/settings_event.dart
DA:4,0
DA:6,0
DA:7,0
DA:15,0
DA:17,0
DA:18,0
DA:24,0
DA:26,0
DA:27,0
LF:9
LH:0
end_of_record
SF:lib/features/settings/presentation/bloc/settings_bloc.dart
DA:18,0
DA:22,0
DA:23,0
DA:24,0
DA:25,0
DA:28,0
DA:32,0
DA:34,0
DA:36,0
DA:37,0
DA:38,0
DA:42,0
DA:46,0
DA:47,0
DA:48,0
DA:50,0
DA:52,0
DA:53,0
DA:56,0
DA:57,0
DA:58,0
DA:60,0
DA:61,0
DA:67,0
DA:71,0
DA:72,0
DA:73,0
DA:74,0
DA:77,0
DA:79,0
DA:80,0
DA:83,0
DA:84,0
DA:85,0
DA:87,0
DA:88,0
LF:36
LH:0
end_of_record
SF:lib/features/statistics/data/datasources/statistics_local_data_source.dart
DA:19,0
DA:20,0
DA:21,0
DA:22,0
DA:25,0
DA:26,0
DA:27,0
DA:29,0
DA:32,0
DA:34,0
DA:47,0
DA:56,0
DA:57,0
DA:58,0
DA:67,0
DA:69,0
DA:78,0
DA:80,0
DA:81,0
DA:94,0
DA:99,0
DA:100,0
DA:103,0
DA:104,0
DA:105,0
DA:111,0
DA:112,0
DA:113,0
DA:114,0
DA:115,0
DA:116,0
DA:117,0
DA:121,0
DA:124,0
DA:130,0
DA:131,0
DA:135,0
DA:139,0
DA:150,0
DA:153,0
DA:154,0
DA:156,0
DA:157,0
DA:162,0
DA:163,0
DA:165,0
DA:170,0
DA:171,0
DA:173,0
DA:178,0
DA:179,0
DA:181,0
DA:186,0
DA:187,0
DA:189,0
DA:194,0
DA:195,0
DA:197,0
DA:202,0
DA:203,0
DA:207,0
DA:208,0
LF:62
LH:0
end_of_record
SF:lib/features/statistics/domain/entities/waste_entry.dart
DA:7,0
LF:1
LH:0
end_of_record
SF:lib/features/statistics/data/repositories/statistics_repository_impl.dart
DA:8,0
DA:10,0
DA:15,0
DA:18,0
DA:24,0
DA:27,0
DA:33,0
LF:7
LH:0
end_of_record
