SF:lib/core/error/failures.dart
DA:6,12
DA:8,0
DA:9,0
DA:13,0
DA:17,8
DA:21,4
DA:25,2
LF:7
LH:4
end_of_record
SF:lib/core/usecases/usecase.dart
DA:10,0
DA:11,0
LF:2
LH:0
end_of_record
SF:lib/features/food_tracking/domain/entities/food.dart
DA:12,3
DA:22,1
DA:23,1
DA:24,1
DA:25,4
DA:26,1
DA:27,2
DA:28,2
DA:29,2
DA:31,2
DA:34,4
DA:36,0
DA:38,1
DA:39,1
DA:43,1
DA:44,1
DA:45,4
DA:46,1
DA:48,1
DA:50,1
DA:53,1
DA:57,0
DA:67,0
DA:68,0
DA:69,0
DA:70,0
DA:72,0
DA:73,0
DA:74,0
DA:75,0
DA:76,0
DA:80,1
DA:81,1
DA:82,1
DA:83,1
DA:84,1
DA:85,1
DA:86,1
DA:87,1
DA:88,1
LF:40
LH:29
end_of_record
SF:lib/features/food_tracking/domain/usecases/get_all_foods.dart
DA:10,1
DA:12,1
DA:14,2
LF:3
LH:3
end_of_record
SF:lib/features/food_tracking/data/datasources/openai_text_parser_service.dart
DA:12,0
DA:14,0
DA:17,0
DA:18,0
DA:22,0
DA:25,0
DA:26,0
DA:27,0
DA:31,0
DA:37,0
DA:78,0
DA:80,0
DA:81,0
DA:82,0
DA:83,0
DA:86,0
DA:88,0
DA:89,0
DA:96,0
DA:97,0
DA:100,0
DA:101,0
DA:104,0
DA:106,0
DA:109,0
DA:111,0
DA:114,0
DA:118,0
DA:120,0
DA:122,0
DA:123,0
DA:125,0
DA:127,0
DA:128,0
DA:129,0
DA:131,0
DA:132,0
DA:134,0
DA:135,0
DA:136,0
DA:137,0
DA:148,0
DA:152,0
DA:153,0
DA:157,0
DA:161,0
DA:162,0
DA:163,0
DA:166,0
DA:168,0
DA:171,0
DA:173,0
DA:176,0
DA:178,0
DA:182,0
DA:184,0
DA:186,0
DA:187,0
DA:188,0
DA:191,0
DA:192,0
DA:195,0
DA:200,0
DA:202,0
DA:203,0
DA:206,0
DA:209,0
DA:210,0
DA:222,0
DA:223,0
DA:226,0
DA:228,0
DA:230,0
DA:234,0
DA:235,0
DA:236,0
DA:237,0
DA:238,0
DA:239,0
DA:240,0
DA:241,0
DA:242,0
DA:243,0
DA:248,0
DA:250,0
DA:252,0
DA:256,0
DA:257,0
DA:258,0
DA:259,0
DA:264,0
DA:266,0
DA:268,0
DA:272,0
DA:273,0
DA:274,0
DA:275,0
DA:280,0
DA:281,0
DA:282,0
LF:100
LH:0
end_of_record
SF:lib/features/food_tracking/data/models/food_model.dart
DA:4,0
DA:14,0
DA:15,0
DA:16,0
DA:17,0
DA:18,0
DA:19,0
DA:21,0
DA:22,0
DA:23,0
DA:24,0
DA:28,0
DA:29,0
DA:30,0
DA:31,0
DA:32,0
DA:33,0
DA:34,0
DA:35,0
DA:36,0
DA:40,0
DA:41,0
DA:42,0
DA:43,0
DA:44,0
DA:45,0
DA:46,0
DA:47,0
DA:48,0
LF:29
LH:0
end_of_record
SF:lib/features/food_tracking/data/datasources/text_parser_service.dart
DA:11,0
DA:13,0
DA:14,0
DA:17,0
DA:19,0
DA:20,0
DA:21,0
DA:22,0
DA:23,0
DA:24,0
DA:25,0
DA:26,0
DA:28,0
DA:37,0
DA:38,0
DA:41,0
DA:43,0
DA:44,0
DA:45,0
DA:47,0
DA:48,0
DA:54,0
DA:55,0
DA:58,0
DA:60,0
DA:62,0
DA:64,0
DA:66,0
DA:68,0
DA:73,0
DA:77,0
DA:78,0
DA:80,0
DA:81,0
DA:85,0
DA:87,0
DA:88,0
DA:90,0
DA:91,0
DA:93,0
DA:96,0
DA:98,0
DA:99,0
DA:100,0
DA:102,0
DA:103,0
DA:104,0
DA:106,0
DA:107,0
DA:108,0
DA:109,0
DA:110,0
DA:113,0
DA:115,0
DA:116,0
DA:118,0
DA:122,0
DA:124,0
DA:125,0
DA:126,0
DA:129,0
DA:131,0
DA:133,0
DA:134,0
DA:141,0
DA:142,0
DA:144,0
DA:145,0
DA:147,0
DA:153,0
DA:158,0
DA:159,0
DA:160,0
DA:169,0
DA:172,0
DA:173,0
DA:176,0
DA:177,0
DA:180,0
DA:184,0
DA:185,0
DA:186,0
DA:189,0
DA:190,0
DA:191,0
DA:194,0
DA:195,0
DA:221,0
DA:224,0
DA:225,0
DA:226,0
DA:238,0
DA:249,0
DA:258,0
DA:268,0
DA:276,0
DA:288,0
DA:289,0
DA:290,0
DA:291,0
LF:100
LH:0
end_of_record
SF:lib/features/food_tracking/domain/usecases/add_foods.dart
DA:10,1
DA:12,1
DA:15,2
DA:16,2
DA:17,1
DA:31,1
LF:6
LH:6
end_of_record
SF:lib/main.dart
DA:17,0
DA:18,0
DA:19,0
DA:22,0
DA:24,0
DA:27,0
DA:28,0
DA:31,0
DA:32,0
DA:34,0
DA:38,3
DA:40,1
DA:42,1
DA:45,1
DA:46,1
DA:56,1
DA:57,1
DA:58,1
DA:59,1
DA:60,1
DA:61,0
DA:62,0
LF:22
LH:10
end_of_record
SF:lib/core/error/exceptions.dart
DA:7,0
DA:12,0
LF:2
LH:0
end_of_record
SF:lib/core/services/notification_service.dart
DA:7,0
DA:8,0
DA:9,0
DA:18,0
DA:19,0
DA:20,0
DA:38,0
DA:40,0
DA:43,0
DA:46,0
DA:54,0
DA:55,0
DA:58,0
DA:61,0
DA:65,0
DA:67,0
DA:68,0
DA:73,0
DA:76,0
DA:77,0
DA:81,0
DA:90,0
DA:95,0
DA:96,0
DA:97,0
DA:98,0
DA:99,0
DA:100,0
DA:101,0
DA:102,0
DA:106,0
DA:107,0
DA:110,0
DA:132,0
DA:133,0
DA:136,0
DA:140,0
LF:37
LH:0
end_of_record
SF:lib/core/services/speech_service.dart
DA:9,0
DA:10,0
DA:12,0
DA:13,0
DA:16,0
DA:17,0
DA:20,0
DA:21,0
DA:24,0
DA:30,0
DA:32,0
DA:34,0
DA:38,0
DA:42,0
DA:43,0
DA:49,0
DA:50,0
DA:53,0
DA:57,0
DA:58,0
DA:62,0
DA:70,0
DA:71,0
DA:72,0
DA:77,0
DA:80,0
DA:88,0
DA:89,0
DA:92,0
DA:98,0
DA:99,0
DA:100,0
DA:101,0
DA:105,0
DA:106,0
DA:107,0
DA:108,0
DA:112,0
DA:114,0
DA:116,0
DA:118,0
DA:119,0
LF:42
LH:0
end_of_record
SF:lib/core/utils/demo_foods.dart
DA:7,0
DA:8,0
DA:11,0
DA:12,0
DA:13,0
DA:15,0
DA:16,0
DA:19,0
DA:20,0
DA:22,0
DA:23,0
DA:26,0
DA:27,0
DA:29,0
DA:36,0
LF:15
LH:0
end_of_record
SF:lib/features/food_tracking/data/datasources/food_local_data_source.dart
DA:21,0
DA:22,0
DA:23,0
DA:24,0
DA:27,0
DA:28,0
DA:29,0
DA:32,0
DA:33,0
DA:37,0
DA:38,0
DA:51,0
DA:61,0
DA:62,0
DA:64,0
DA:68,0
DA:71,0
DA:72,0
DA:83,0
DA:86,0
DA:88,0
DA:90,0
DA:99,0
DA:101,0
DA:110,0
DA:112,0
DA:113,0
DA:122,0
DA:124,0
DA:135,0
DA:138,0
DA:139,0
DA:143,0
DA:145,0
DA:149,0
DA:152,0
DA:153,0
DA:154,0
DA:156,0
DA:159,0
DA:163,0
DA:165,0
DA:169,0
DA:172,0
DA:173,0
DA:175,0
DA:180,0
DA:184,0
DA:187,0
DA:188,0
DA:190,0
DA:194,0
DA:197,0
DA:198,0
DA:200,0
DA:202,0
DA:206,0
LF:57
LH:0
end_of_record
SF:lib/features/food_tracking/data/datasources/food_tips_local_data_source.dart
DA:20,0
DA:21,0
DA:22,0
DA:23,0
DA:26,0
DA:27,0
DA:28,0
DA:31,0
DA:35,0
DA:36,0
DA:49,0
DA:52,0
DA:53,0
DA:55,0
DA:57,0
DA:65,0
DA:73,0
DA:81,0
DA:89,0
DA:99,0
DA:107,0
DA:115,0
DA:123,0
DA:131,0
DA:139,0
DA:149,0
DA:157,0
DA:165,0
DA:173,0
DA:183,0
DA:191,0
DA:201,0
DA:209,0
DA:217,0
DA:227,0
DA:237,0
DA:247,0
DA:257,0
DA:265,0
DA:273,0
DA:283,0
DA:284,0
DA:285,0
DA:286,0
DA:288,0
DA:292,0
DA:295,0
DA:296,0
DA:299,0
DA:303,0
DA:304,0
DA:305,0
DA:306,0
DA:307,0
DA:316,0
DA:323,0
DA:324,0
DA:325,0
DA:328,0
LF:59
LH:0
end_of_record
SF:lib/features/food_tracking/data/datasources/food_tips_service.dart
DA:15,0
DA:16,0
DA:17,0
DA:19,0
DA:22,0
DA:24,0
DA:28,0
DA:29,0
DA:46,0
DA:48,0
DA:49,0
DA:50,0
DA:51,0
DA:54,0
DA:56,0
DA:57,0
DA:64,0
DA:65,0
DA:68,0
DA:70,0
DA:73,0
DA:77,0
DA:82,0
DA:83,0
DA:84,0
DA:85,0
DA:90,0
DA:91,0
DA:102,0
DA:106,0
DA:107,0
DA:109,0
DA:111,0
DA:113,0
DA:115,0
DA:117,0
DA:119,0
DA:121,0
DA:123,0
DA:125,0
DA:132,0
DA:135,0
DA:137,0
DA:141,0
DA:142,0
DA:160,0
DA:162,0
DA:163,0
DA:164,0
DA:165,0
DA:168,0
DA:170,0
DA:171,0
DA:178,0
DA:179,0
DA:182,0
DA:184,0
DA:187,0
DA:190,0
DA:194,0
DA:195,0
DA:196,0
DA:197,0
DA:202,0
DA:205,0
DA:216,0
DA:220,0
DA:221,0
DA:223,0
DA:225,0
DA:227,0
DA:229,0
DA:231,0
DA:233,0
DA:235,0
DA:237,0
DA:239,0
LF:77
LH:0
end_of_record
SF:lib/features/food_tracking/data/repositories/food_repository_impl.dart
DA:12,0
DA:14,0
DA:17,0
DA:18,0
DA:19,0
DA:24,0
DA:27,0
DA:28,0
DA:29,0
DA:34,0
DA:37,0
DA:38,0
DA:39,0
DA:40,0
DA:47,0
DA:50,0
DA:51,0
DA:52,0
DA:53,0
DA:60,0
DA:63,0
DA:65,0
DA:70,0
DA:73,0
DA:74,0
DA:75,0
DA:76,0
LF:27
LH:0
end_of_record
SF:lib/features/food_tracking/data/repositories/openai_text_parser_repository_impl.dart
DA:11,0
DA:13,0
DA:16,0
DA:20,0
DA:22,0
DA:28,0
DA:29,0
DA:30,0
DA:32,0
DA:36,0
DA:39,0
LF:11
LH:0
end_of_record
SF:lib/features/food_tracking/domain/usecases/add_food_from_text.dart
DA:13,0
DA:18,0
DA:20,0
DA:21,0
DA:24,0
DA:25,0
DA:27,0
DA:28,0
DA:29,0
DA:30,0
DA:31,0
DA:35,0
DA:41,0
DA:49,0
DA:51,0
DA:52,0
LF:16
LH:0
end_of_record
SF:lib/features/food_tracking/domain/usecases/delete_food.dart
DA:14,0
DA:20,0
DA:23,0
DA:25,0
DA:26,0
DA:27,0
DA:29,0
DA:32,0
DA:33,0
DA:34,0
DA:35,0
DA:43,0
DA:44,0
DA:51,0
DA:61,0
DA:63,0
DA:64,0
LF:17
LH:0
end_of_record
SF:lib/features/recipes/domain/usecases/update_recipes_after_food_deletion.dart
DA:11,0
DA:13,0
DA:15,0
DA:22,0
DA:24,0
DA:25,0
LF:6
LH:0
end_of_record
SF:lib/features/food_tracking/domain/usecases/get_expiring_foods.dart
DA:11,0
DA:13,0
DA:17,0
DA:19,0
DA:20,0
DA:21,0
DA:22,0
DA:23,0
DA:26,0
DA:27,0
DA:29,0
DA:30,0
DA:31,0
DA:32,0
DA:36,0
DA:37,0
DA:45,2
DA:47,0
DA:48,0
LF:19
LH:1
end_of_record
SF:lib/features/food_tracking/domain/usecases/get_foods_by_expiry.dart
DA:11,0
DA:13,0
DA:17,0
DA:24,0
DA:26,0
DA:27,0
LF:6
LH:0
end_of_record
SF:lib/features/food_tracking/domain/usecases/parse_foods_from_text.dart
DA:11,0
DA:13,0
DA:17,0
DA:24,0
LF:4
LH:0
end_of_record
SF:lib/features/food_tracking/domain/usecases/update_food.dart
DA:9,0
DA:11,0
DA:12,0
LF:3
LH:0
end_of_record
SF:lib/features/food_tracking/presentation/bloc/food_bloc.dart
DA:29,0
DA:39,0
DA:40,0
DA:41,0
DA:42,0
DA:43,0
DA:44,0
DA:45,0
DA:46,0
DA:47,0
DA:48,0
DA:49,0
DA:50,0
DA:51,0
DA:54,0
DA:58,0
DA:60,0
DA:62,0
DA:68,0
DA:69,0
DA:70,0
DA:73,0
DA:74,0
DA:76,0
DA:77,0
DA:78,0
DA:80,0
DA:86,0
DA:87,0
DA:88,0
DA:90,0
DA:91,0
DA:92,0
DA:101,0
DA:105,0
DA:106,0
DA:107,0
DA:108,0
DA:109,0
DA:110,0
DA:111,0
DA:112,0
DA:117,0
DA:118,0
DA:121,0
DA:122,0
DA:123,0
DA:124,0
DA:125,0
DA:126,0
DA:128,0
DA:131,0
DA:132,0
DA:137,0
DA:141,0
DA:142,0
DA:144,0
DA:145,0
DA:148,0
DA:149,0
DA:150,0
DA:151,0
DA:153,0
DA:154,0
DA:155,0
DA:156,0
DA:162,0
DA:166,0
DA:167,0
DA:169,0
DA:170,0
DA:171,0
DA:172,0
DA:173,0
DA:177,0
DA:179,0
DA:180,0
DA:181,0
DA:182,0
DA:183,0
DA:184,0
DA:185,0
DA:186,0
DA:187,0
DA:188,0
DA:192,0
DA:193,0
DA:198,0
DA:202,0
DA:203,0
DA:205,0
DA:208,0
DA:210,0
DA:211,0
DA:215,0
DA:217,0
DA:218,0
DA:221,0
DA:222,0
DA:224,0
DA:225,0
DA:230,0
DA:234,0
DA:235,0
DA:237,0
DA:240,0
DA:242,0
DA:243,0
DA:247,0
DA:249,0
DA:250,0
DA:253,0
DA:254,0
DA:256,0
DA:261,0
DA:265,0
DA:266,0
DA:267,0
DA:268,0
DA:269,0
DA:270,0
DA:271,0
DA:272,0
DA:277,0
DA:278,0
DA:279,0
DA:280,0
DA:284,0
DA:285,0
DA:286,0
DA:287,0
DA:292,0
DA:294,0
DA:295,0
DA:296,0
DA:297,0
DA:299,0
DA:302,0
DA:306,0
DA:307,0
DA:310,0
DA:311,0
DA:312,0
DA:316,0
DA:317,0
DA:321,0
DA:323,0
DA:324,0
DA:328,0
DA:329,0
DA:330,0
DA:331,0
DA:336,0
DA:338,0
DA:339,0
DA:340,0
DA:341,0
DA:343,0
DA:345,0
DA:346,0
DA:347,0
DA:349,0
DA:355,0
DA:357,0
DA:358,0
DA:362,0
DA:364,0
DA:365,0
DA:368,0
DA:375,0
DA:379,0
DA:380,0
DA:381,0
DA:382,0
DA:383,0
DA:384,0
DA:385,0
DA:386,0
DA:391,0
DA:393,0
DA:394,0
DA:395,0
DA:396,0
DA:398,0
DA:401,0
DA:405,0
DA:406,0
DA:408,0
DA:411,0
DA:413,0
DA:414,0
DA:419,0
DA:420,0
DA:423,0
DA:428,0
DA:429,0
DA:432,0
DA:433,0
DA:434,0
DA:437,0
DA:438,0
DA:440,0
DA:441,0
DA:442,0
DA:443,0
DA:446,0
DA:447,0
DA:448,0
DA:449,0
DA:450,0
DA:451,0
DA:453,0
DA:461,0
DA:465,0
DA:466,0
DA:469,0
DA:470,0
DA:471,0
DA:473,0
DA:476,0
DA:477,0
DA:478,0
DA:479,0
DA:480,0
DA:481,0
DA:487,0
DA:488,0
DA:492,0
DA:494,0
DA:495,0
DA:496,0
DA:501,0
DA:505,0
DA:506,0
DA:507,0
DA:508,0
DA:509,0
DA:510,0
DA:511,0
DA:512,0
DA:518,0
DA:519,0
DA:521,0
DA:522,0
DA:523,0
DA:524,0
DA:527,0
DA:528,0
DA:529,0
DA:530,0
DA:534,0
DA:538,0
DA:539,0
LF:253
LH:0
end_of_record
SF:lib/features/food_tracking/presentation/bloc/food_event.dart
DA:5,5
DA:7,0
DA:8,0
DA:16,0
DA:18,0
DA:19,0
DA:25,0
DA:27,0
DA:28,0
DA:34,2
DA:36,0
DA:37,0
DA:45,0
DA:47,0
DA:48,0
DA:54,1
DA:56,0
DA:57,0
DA:63,0
DA:65,0
DA:66,0
DA:72,0
DA:74,0
DA:75,0
DA:81,0
DA:83,0
DA:84,0
DA:92,0
DA:94,0
DA:95,0
DA:99,2
DA:103,2
LF:32
LH:5
end_of_record
SF:lib/features/food_tracking/presentation/bloc/food_state.dart
DA:6,1
DA:8,0
DA:9,0
DA:23,0
DA:31,0
DA:32,0
DA:34,0
DA:42,0
DA:43,0
DA:44,0
DA:47,0
DA:48,0
DA:49,0
DA:57,0
DA:59,0
DA:60,0
DA:70,0
DA:78,0
DA:79,0
DA:90,0
DA:99,0
DA:100,0
DA:101,0
DA:102,0
DA:103,0
DA:104,0
DA:105,0
DA:106,0
LF:28
LH:1
end_of_record
SF:lib/features/food_tracking/presentation/pages/food_tracking_page.dart
DA:14,2
DA:16,0
DA:17,0
DA:21,0
DA:23,0
DA:24,0
DA:27,0
DA:29,0
DA:30,0
DA:35,0
DA:37,0
DA:38,0
DA:43,0
DA:44,0
DA:47,0
DA:48,0
DA:49,0
DA:70,0
DA:71,0
DA:73,0
DA:74,0
DA:76,0
DA:77,0
DA:78,0
DA:88,0
DA:89,0
DA:91,0
DA:92,0
DA:93,0
DA:94,0
DA:95,0
DA:98,0
DA:99,0
DA:100,0
DA:101,0
DA:102,0
DA:103,0
DA:106,0
DA:107,0
DA:108,0
DA:114,0
DA:115,0
DA:116,0
DA:120,0
DA:121,0
DA:122,0
DA:124,0
DA:131,0
DA:132,0
DA:133,0
DA:137,0
DA:138,0
DA:139,0
DA:148,0
DA:149,0
DA:150,0
DA:151,0
DA:153,0
DA:154,0
DA:155,0
DA:157,0
DA:158,0
DA:161,0
DA:164,0
DA:166,0
DA:167,0
DA:170,0
DA:172,0
DA:173,0
DA:181,0
DA:182,0
DA:183,0
DA:185,0
DA:186,0
DA:187,0
DA:188,0
DA:192,0
DA:193,0
LF:78
LH:1
end_of_record
SF:lib/features/food_tracking/presentation/widgets/food_card.dart
DA:10,1
DA:12,1
DA:13,1
DA:17,1
DA:19,3
DA:20,3
DA:21,1
DA:23,1
DA:26,1
DA:28,1
DA:29,1
DA:30,1
DA:31,1
DA:32,2
DA:33,4
DA:36,1
DA:37,1
DA:39,1
DA:40,4
DA:47,1
DA:48,1
DA:49,1
DA:50,1
DA:51,1
DA:54,1
DA:55,1
DA:56,3
DA:57,1
DA:64,1
DA:67,3
DA:68,0
DA:69,0
DA:70,0
DA:71,0
DA:76,0
DA:79,1
DA:80,3
DA:83,1
DA:86,3
DA:91,3
DA:92,0
DA:93,0
DA:94,0
DA:96,0
DA:103,1
DA:104,1
DA:105,1
DA:107,1
DA:108,1
DA:109,0
DA:110,1
DA:115,1
DA:116,1
DA:117,1
DA:118,1
DA:119,1
DA:123,1
DA:125,1
DA:126,1
DA:127,3
DA:128,1
DA:129,3
DA:135,1
DA:137,3
DA:145,1
DA:146,0
DA:147,0
DA:149,0
DA:150,0
DA:153,1
DA:156,1
DA:157,3
DA:158,0
DA:159,1
DA:162,1
DA:164,3
DA:170,1
DA:171,0
DA:172,0
DA:174,1
DA:177,1
DA:178,3
DA:179,0
DA:180,1
DA:183,1
DA:185,3
DA:192,3
DA:193,0
DA:194,0
DA:195,0
DA:197,0
DA:209,1
DA:211,1
DA:212,0
DA:213,1
DA:214,1
DA:215,1
DA:219,1
DA:221,1
DA:223,1
DA:225,1
DA:227,1
DA:229,1
DA:231,1
DA:238,0
DA:239,0
DA:240,0
DA:242,0
DA:244,0
DA:245,0
DA:246,0
DA:248,0
DA:253,0
DA:254,0
DA:255,0
DA:259,0
DA:260,0
DA:262,0
DA:263,0
DA:265,0
DA:266,0
DA:267,0
DA:268,0
DA:271,0
DA:272,0
DA:274,0
DA:275,0
DA:277,0
DA:278,0
DA:279,0
DA:280,0
DA:281,0
DA:287,0
LF:133
LH:81
end_of_record
SF:lib/features/food_tracking/presentation/widgets/food_preview_dialog.dart
DA:10,0
DA:17,0
DA:18,0
DA:26,0
DA:28,0
DA:29,0
DA:30,0
DA:33,0
DA:35,0
DA:36,0
DA:39,0
DA:40,0
DA:41,0
DA:45,0
DA:46,0
DA:47,0
DA:48,0
DA:52,0
DA:53,0
DA:54,0
DA:55,0
DA:56,0
DA:57,0
DA:58,0
DA:59,0
DA:60,0
DA:61,0
DA:62,0
DA:64,0
DA:69,0
DA:70,0
DA:71,0
DA:75,0
DA:76,0
DA:77,0
DA:79,0
DA:80,0
DA:82,0
DA:83,0
DA:88,0
DA:89,0
DA:90,0
DA:91,0
DA:92,0
DA:94,0
DA:95,0
DA:96,0
DA:102,0
DA:104,0
DA:105,0
DA:107,0
DA:108,0
DA:109,0
DA:110,0
DA:113,0
DA:116,0
DA:117,0
DA:118,0
DA:121,0
DA:123,0
DA:130,0
DA:131,0
DA:138,0
DA:140,0
DA:141,0
DA:142,0
DA:143,0
DA:145,0
DA:147,0
DA:148,0
DA:149,0
DA:152,0
DA:153,0
DA:154,0
DA:155,0
DA:156,0
DA:157,0
DA:160,0
DA:161,0
DA:162,0
DA:163,0
DA:164,0
DA:171,0
DA:175,0
DA:176,0
DA:180,0
DA:181,0
DA:186,0
DA:187,0
DA:188,0
DA:190,0
DA:191,0
DA:192,0
DA:193,0
DA:208,0
DA:209,0
DA:210,0
DA:212,0
DA:213,0
DA:214,0
DA:216,0
DA:218,0
DA:219,0
DA:222,0
DA:225,0
DA:226,0
DA:227,0
DA:229,0
DA:231,0
DA:243,0
DA:244,0
DA:258,0
DA:259,0
DA:260,0
DA:261,0
DA:262,0
DA:263,0
DA:267,0
DA:269,0
DA:272,0
DA:274,0
DA:275,0
DA:284,0
DA:285,0
DA:286,0
DA:288,0
DA:289,0
DA:290,0
DA:294,0
DA:296,0
LF:130
LH:0
end_of_record
SF:lib/features/food_tracking/presentation/widgets/recipe_generation_button.dart
DA:15,2
DA:17,0
DA:19,0
DA:20,0
DA:21,0
DA:22,0
DA:24,0
DA:26,0
DA:28,0
DA:29,0
DA:30,0
DA:36,0
DA:37,0
DA:39,0
DA:41,0
DA:42,0
DA:44,0
DA:51,0
DA:53,0
DA:56,0
DA:59,0
DA:65,0
DA:66,0
DA:68,0
DA:75,0
DA:76,0
DA:78,0
DA:92,0
DA:95,0
DA:96,0
DA:97,0
DA:100,0
DA:103,0
DA:104,0
DA:105,0
DA:107,0
DA:108,0
DA:117,0
DA:118,0
DA:119,0
DA:122,0
DA:126,0
DA:127,0
DA:128,0
DA:129,0
DA:132,0
DA:134,0
DA:140,0
DA:141,0
DA:142,0
DA:144,0
DA:148,0
DA:149,0
DA:150,0
DA:151,0
DA:154,0
DA:162,0
DA:163,0
DA:164,0
DA:168,0
DA:175,0
DA:176,0
DA:178,0
DA:184,2
DA:186,0
DA:187,0
DA:193,0
DA:195,0
DA:196,0
DA:199,0
DA:200,0
DA:201,0
DA:202,0
DA:203,0
DA:204,0
DA:208,0
DA:210,0
DA:211,0
DA:212,0
DA:215,0
DA:216,0
DA:217,0
DA:218,0
DA:223,0
DA:225,0
DA:227,0
DA:231,0
DA:232,0
DA:233,0
DA:237,0
DA:238,0
DA:239,0
DA:241,0
DA:244,0
DA:246,0
DA:254,0
DA:255,0
DA:257,0
LF:98
LH:2
end_of_record
SF:lib/features/food_tracking/presentation/widgets/food_filter_bar.dart
DA:8,2
DA:10,0
DA:11,0
DA:18,0
DA:20,0
DA:21,0
DA:24,0
DA:26,0
DA:27,0
DA:30,0
DA:31,0
DA:32,0
DA:33,0
DA:34,0
DA:35,0
DA:40,0
DA:42,0
DA:43,0
DA:44,0
DA:45,0
DA:46,0
DA:49,0
DA:51,0
DA:53,0
DA:54,0
DA:55,0
DA:60,0
DA:62,0
DA:63,0
DA:65,0
DA:66,0
DA:67,0
DA:69,0
DA:70,0
DA:72,0
DA:75,0
DA:77,0
DA:82,0
DA:83,0
DA:86,0
DA:87,0
DA:88,0
DA:89,0
DA:94,0
DA:95,0
DA:101,0
DA:103,0
DA:104,0
DA:111,0
DA:114,0
DA:116,0
DA:117,0
DA:118,0
DA:121,0
DA:123,0
DA:130,0
DA:132,0
DA:133,0
DA:134,0
DA:137,0
DA:139,0
DA:143,0
DA:144,0
DA:146,0
DA:151,0
DA:152,0
DA:154,0
DA:155,0
DA:156,0
DA:161,0
DA:170,0
DA:172,0
DA:173,0
DA:174,0
DA:175,0
DA:178,0
DA:179,0
DA:188,0
DA:190,0
DA:191,0
DA:192,0
DA:193,0
DA:196,0
DA:197,0
DA:206,0
DA:208,0
DA:209,0
DA:210,0
DA:211,0
DA:214,0
DA:215,0
DA:224,0
DA:226,0
DA:227,0
DA:228,0
DA:229,0
DA:232,0
DA:233,0
DA:242,0
DA:244,0
DA:245,0
DA:246,0
DA:247,0
DA:250,0
DA:251,0
DA:260,0
DA:262,0
DA:263,0
DA:264,0
DA:265,0
DA:268,0
DA:269,0
DA:278,0
DA:280,0
DA:281,0
DA:282,0
DA:283,0
DA:286,0
DA:287,0
DA:296,0
DA:298,0
DA:299,0
DA:300,0
DA:301,0
DA:304,0
DA:305,0
DA:318,0
DA:320,0
DA:321,0
DA:323,0
DA:325,0
DA:328,0
DA:330,0
DA:335,0
DA:336,0
DA:338,0
DA:339,0
DA:340,0
DA:341,0
DA:344,0
DA:345,0
DA:354,0
DA:356,0
DA:357,0
DA:358,0
DA:359,0
DA:362,0
DA:363,0
DA:372,0
DA:374,0
DA:375,0
DA:376,0
DA:377,0
DA:380,0
DA:381,0
DA:394,0
DA:395,0
DA:397,0
DA:398,0
DA:400,0
DA:401,0
DA:403,0
DA:405,0
DA:408,0
DA:411,0
DA:413,0
DA:429,0
DA:430,0
DA:432,0
DA:433,0
DA:440,0
DA:441,0
DA:442,0
DA:443,0
DA:447,0
DA:448,0
DA:449,0
DA:450,0
DA:452,0
DA:461,0
DA:462,0
LF:181
LH:1
end_of_record
SF:lib/features/settings/presentation/pages/settings_page.dart
DA:8,2
DA:10,0
DA:12,0
DA:13,0
DA:14,0
DA:15,0
DA:16,0
DA:20,0
DA:21,0
DA:22,0
DA:24,0
DA:25,0
DA:27,0
DA:28,0
DA:29,0
DA:30,0
DA:40,0
DA:41,0
DA:42,0
DA:50,0
DA:55,0
DA:56,0
DA:57,0
DA:58,0
DA:62,0
DA:64,0
DA:66,0
DA:67,0
DA:72,0
DA:73,0
DA:76,0
DA:79,0
DA:80,0
DA:81,0
DA:114,0
DA:115,0
DA:122,0
DA:130,0
DA:131,0
DA:132,0
DA:137,0
LF:41
LH:1
end_of_record
SF:lib/features/settings/presentation/bloc/settings_state.dart
DA:4,0
DA:6,0
DA:7,0
DA:17,0
DA:19,0
DA:20,0
DA:26,0
DA:28,0
DA:29,0
LF:9
LH:0
end_of_record
SF:lib/features/settings/presentation/bloc/settings_event.dart
DA:4,0
DA:6,0
DA:7,0
DA:15,0
DA:17,0
DA:18,0
DA:24,0
DA:26,0
DA:27,0
LF:9
LH:0
end_of_record
SF:lib/features/settings/presentation/bloc/settings_bloc.dart
DA:18,0
DA:22,0
DA:23,0
DA:24,0
DA:25,0
DA:28,0
DA:32,0
DA:34,0
DA:36,0
DA:37,0
DA:38,0
DA:42,0
DA:46,0
DA:47,0
DA:48,0
DA:50,0
DA:52,0
DA:53,0
DA:56,0
DA:57,0
DA:58,0
DA:60,0
DA:61,0
DA:67,0
DA:71,0
DA:72,0
DA:73,0
DA:74,0
DA:77,0
DA:79,0
DA:80,0
DA:83,0
DA:84,0
DA:85,0
DA:87,0
DA:88,0
LF:36
LH:0
end_of_record
SF:lib/features/food_tracking/presentation/widgets/dictation_text_field.dart
DA:11,0
DA:19,0
DA:20,0
DA:28,0
DA:30,0
DA:31,0
DA:34,0
DA:36,0
DA:37,0
DA:38,0
DA:39,0
DA:40,0
DA:41,0
DA:42,0
DA:43,0
DA:48,0
DA:49,0
DA:57,0
DA:58,0
DA:61,0
DA:62,0
DA:63,0
DA:64,0
DA:65,0
DA:74,0
DA:75,0
DA:76,0
DA:84,0
DA:85,0
DA:88,0
DA:89,0
DA:90,0
DA:91,0
DA:99,0
DA:101,0
DA:102,0
DA:103,0
DA:107,0
DA:108,0
DA:111,0
DA:113,0
DA:116,0
LF:42
LH:0
end_of_record
SF:lib/features/food_tracking/presentation/widgets/food_tips_dialog.dart
DA:8,0
DA:10,0
DA:11,0
DA:19,0
DA:21,0
DA:22,0
DA:23,0
DA:26,0
DA:28,0
DA:29,0
DA:30,0
DA:31,0
DA:32,0
DA:36,0
DA:37,0
DA:38,0
DA:44,0
DA:46,0
DA:47,0
DA:48,0
DA:50,0
DA:53,0
DA:54,0
DA:55,0
DA:56,0
DA:57,0
DA:58,0
DA:59,0
DA:64,0
DA:65,0
DA:73,0
DA:75,0
DA:76,0
DA:77,0
DA:79,0
DA:81,0
DA:82,0
DA:87,0
DA:88,0
DA:89,0
DA:90,0
DA:91,0
DA:99,0
DA:101,0
DA:102,0
DA:103,0
DA:120,0
DA:121,0
DA:123,0
DA:125,0
DA:127,0
DA:129,0
DA:131,0
DA:133,0
DA:135,0
DA:137,0
DA:139,0
LF:57
LH:0
end_of_record
SF:lib/injection_container.dart
DA:45,0
DA:47,0
DA:49,0
DA:50,0
DA:53,0
DA:54,0
DA:56,0
DA:57,0
DA:58,0
DA:59,0
DA:60,0
DA:61,0
DA:62,0
DA:63,0
DA:64,0
DA:65,0
DA:66,0
DA:70,0
DA:71,0
DA:72,0
DA:73,0
DA:74,0
DA:75,0
DA:79,0
DA:80,0
DA:81,0
DA:82,0
DA:83,0
DA:88,0
DA:89,0
DA:90,0
DA:91,0
DA:93,0
DA:94,0
DA:95,0
DA:96,0
DA:97,0
DA:98,0
DA:99,0
DA:102,0
DA:103,0
DA:104,0
DA:105,0
DA:107,0
DA:108,0
DA:109,0
DA:110,0
DA:111,0
DA:112,0
DA:113,0
DA:114,0
DA:115,0
DA:116,0
DA:117,0
DA:122,0
DA:123,0
DA:127,0
DA:128,0
DA:133,0
DA:134,0
DA:137,0
DA:138,0
DA:141,0
DA:142,0
DA:146,0
DA:147,0
DA:149,0
DA:150,0
DA:152,0
DA:153,0
DA:154,0
DA:156,0
DA:157,0
DA:159,0
DA:160,0
DA:161,0
DA:163,0
DA:164,0
DA:166,0
DA:167,0
LF:80
LH:0
end_of_record
SF:lib/features/recipes/presentation/bloc/recipe_bloc.dart
DA:17,0
DA:22,0
DA:23,0
DA:24,0
DA:25,0
DA:26,0
DA:29,0
DA:33,0
DA:36,0
DA:37,0
DA:38,0
DA:39,0
DA:40,0
DA:41,0
DA:45,0
DA:46,0
DA:47,0
DA:52,0
DA:53,0
DA:54,0
DA:55,0
DA:60,0
DA:64,0
DA:66,0
DA:68,0
DA:69,0
DA:73,0
DA:74,0
DA:79,0
DA:80,0
DA:81,0
DA:82,0
DA:83,0
DA:86,0
DA:88,0
DA:92,0
DA:96,0
DA:98,0
DA:100,0
DA:101,0
DA:102,0
DA:106,0
DA:110,0
DA:111,0
DA:115,0
DA:116,0
DA:117,0
LF:47
LH:0
end_of_record
SF:lib/features/recipes/presentation/bloc/recipe_event.dart
DA:5,0
DA:7,0
DA:8,0
DA:14,0
DA:16,0
DA:17,0
DA:23,0
DA:25,0
DA:26,0
DA:34,0
DA:36,0
DA:37,0
LF:12
LH:0
end_of_record
SF:lib/features/recipes/presentation/pages/recipes_page.dart
DA:13,0
DA:15,0
DA:17,0
DA:18,0
DA:20,0
DA:24,0
DA:25,0
DA:26,0
DA:30,0
DA:32,0
DA:33,0
DA:34,0
DA:36,0
DA:39,0
DA:40,0
DA:42,0
DA:44,0
DA:47,0
DA:48,0
DA:50,0
DA:55,0
DA:56,0
DA:57,0
DA:58,0
DA:71,0
DA:72,0
DA:73,0
DA:75,0
DA:82,0
DA:83,0
DA:84,0
DA:88,0
DA:89,0
DA:97,0
DA:98,0
DA:118,0
DA:120,0
DA:121,0
DA:122,0
DA:123,0
DA:124,0
DA:125,0
DA:141,0
DA:142,0
DA:143,0
DA:144,0
DA:149,0
DA:150,0
DA:151,0
DA:153,0
DA:157,0
DA:158,0
DA:159,0
DA:160,0
DA:163,0
LF:55
LH:0
end_of_record
SF:lib/features/recipes/presentation/pages/bookmarked_recipes_page.dart
DA:11,4
DA:13,0
DA:15,0
DA:16,0
DA:18,0
DA:22,0
DA:23,0
DA:24,0
DA:28,0
DA:30,0
DA:31,0
DA:32,0
DA:34,0
DA:36,0
DA:38,0
DA:44,0
DA:45,0
DA:46,0
DA:47,0
DA:51,0
DA:52,0
DA:53,0
DA:55,0
DA:62,0
DA:63,0
DA:64,0
DA:68,0
DA:69,0
DA:77,0
DA:78,0
DA:79,0
DA:80,0
DA:82,0
DA:83,0
DA:86,0
DA:89,0
DA:91,0
DA:92,0
DA:95,0
DA:97,0
DA:98,0
DA:106,0
DA:108,0
DA:109,0
DA:110,0
DA:111,0
DA:113,0
DA:114,0
DA:130,0
DA:131,0
DA:133,0
DA:134,0
DA:136,0
DA:137,0
DA:138,0
DA:139,0
DA:141,0
DA:142,0
DA:148,0
DA:150,0
DA:151,0
DA:158,0
DA:159,0
DA:160,0
DA:161,0
DA:163,0
DA:166,0
DA:167,0
DA:168,0
DA:169,0
DA:170,0
DA:173,0
DA:175,0
DA:176,0
LF:74
LH:1
end_of_record
SF:lib/features/statistics/presentation/pages/statistics_page.dart
DA:6,2
DA:8,0
DA:9,0
DA:18,0
DA:20,0
DA:21,0
DA:24,0
DA:25,0
DA:29,0
DA:32,0
DA:33,0
DA:34,0
DA:36,0
DA:37,0
DA:39,0
DA:40,0
DA:43,0
DA:46,0
DA:47,0
DA:48,0
DA:49,0
DA:52,0
DA:56,0
DA:58,0
DA:59,0
DA:61,0
DA:64,0
DA:65,0
DA:67,0
DA:69,0
DA:70,0
DA:71,0
DA:73,0
DA:75,0
DA:81,0
DA:84,0
DA:85,0
DA:86,0
DA:87,0
DA:89,0
DA:91,0
DA:92,0
DA:93,0
DA:94,0
DA:95,0
DA:96,0
DA:97,0
DA:98,0
DA:102,0
DA:104,0
DA:108,0
DA:109,0
DA:110,0
DA:111,0
DA:112,0
DA:113,0
DA:114,0
DA:115,0
DA:119,0
DA:121,0
DA:132,0
DA:133,0
DA:135,0
DA:136,0
DA:137,0
DA:139,0
DA:140,0
DA:142,0
DA:144,0
DA:146,0
DA:148,0
DA:149,0
DA:154,0
DA:156,0
DA:157,0
DA:158,0
DA:159,0
DA:161,0
DA:162,0
DA:163,0
DA:164,0
DA:165,0
DA:166,0
DA:169,0
DA:170,0
DA:171,0
DA:173,0
DA:184,0
DA:185,0
DA:186,0
DA:187,0
DA:188,0
DA:189,0
DA:191,0
DA:192,0
DA:196,0
DA:200,0
DA:201,0
DA:202,0
DA:203,0
DA:204,0
DA:205,0
DA:208,0
DA:209,0
DA:210,0
DA:212,0
DA:214,0
DA:216,0
DA:218,0
DA:225,0
DA:226,0
DA:227,0
DA:229,0
DA:230,0
DA:231,0
LF:115
LH:1
end_of_record
SF:lib/features/notification/domain/usecases/schedule_daily_notification.dart
DA:14,0
DA:20,0
DA:23,0
DA:25,0
DA:26,0
DA:28,0
DA:33,0
DA:37,0
DA:38,0
DA:40,0
DA:41,0
DA:42,0
DA:49,0
DA:50,0
DA:61,0
DA:62,0
DA:64,0
DA:65,0
DA:67,0
DA:68,0
DA:69,0
DA:70,0
DA:72,0
DA:73,0
DA:75,0
DA:76,0
DA:77,0
DA:78,0
DA:81,0
DA:83,0
DA:84,0
DA:85,0
DA:86,0
DA:87,0
DA:88,0
DA:89,0
DA:90,0
DA:94,0
DA:96,0
DA:97,0
DA:99,0
DA:100,0
DA:102,0
DA:103,0
DA:105,0
DA:106,0
DA:109,0
DA:112,0
DA:113,0
DA:114,0
DA:116,0
DA:117,0
DA:118,0
LF:53
LH:0
end_of_record
SF:lib/features/settings/domain/usecases/get_notification_settings.dart
DA:11,0
DA:13,0
DA:15,0
LF:3
LH:0
end_of_record
SF:lib/features/onboarding/presentation/pages/onboarding_screen.dart
DA:7,2
DA:9,0
DA:10,0
DA:43,0
DA:45,0
DA:46,0
DA:49,0
DA:50,0
DA:51,0
DA:54,0
DA:56,0
DA:57,0
DA:58,0
DA:62,0
DA:63,0
DA:64,0
DA:66,0
DA:67,0
DA:68,0
DA:73,0
DA:75,0
DA:76,0
DA:79,0
DA:81,0
DA:87,0
DA:88,0
DA:91,0
DA:93,0
DA:94,0
DA:95,0
DA:97,0
DA:99,0
DA:101,0
DA:102,0
DA:103,0
DA:105,0
DA:106,0
DA:115,0
DA:116,0
DA:117,0
DA:118,0
DA:119,0
DA:120,0
DA:123,0
DA:124,0
DA:125,0
DA:126,0
DA:128,0
DA:130,0
DA:132,0
DA:134,0
DA:135,0
DA:136,0
DA:137,0
DA:138,0
DA:139,0
DA:145,0
DA:146,0
DA:147,0
DA:148,0
DA:150,0
DA:152,0
DA:153,0
DA:154,0
DA:155,0
DA:157,0
DA:159,0
DA:160,0
DA:163,0
DA:166,0
DA:167,0
DA:168,0
DA:169,0
DA:185,0
DA:186,0
DA:198,0
DA:199,0
DA:200,0
DA:202,0
DA:214,0
DA:216,0
DA:218,0
DA:220,0
DA:221,0
DA:222,0
DA:223,0
DA:227,0
DA:228,0
DA:229,0
DA:230,0
DA:231,0
DA:232,0
DA:239,0
DA:240,0
DA:241,0
DA:242,0
DA:247,0
DA:250,0
DA:251,0
DA:256,0
DA:257,0
DA:260,0
DA:261,0
DA:285,0
LF:104
LH:1
end_of_record
SF:lib/features/recipes/data/datasources/openai_recipe_service.dart
DA:11,0
DA:13,0
DA:18,0
DA:19,0
DA:22,0
DA:23,0
DA:27,0
DA:31,0
DA:32,0
DA:34,0
DA:35,0
DA:36,0
DA:38,0
DA:40,0
DA:41,0
DA:42,0
DA:104,0
DA:106,0
DA:107,0
DA:108,0
DA:109,0
DA:112,0
DA:114,0
DA:115,0
DA:122,0
DA:123,0
DA:124,0
DA:128,0
DA:129,0
DA:132,0
DA:134,0
DA:137,0
DA:139,0
DA:142,0
DA:150,0
DA:152,0
DA:153,0
DA:155,0
DA:158,0
DA:159,0
DA:164,0
DA:168,0
DA:172,0
DA:175,0
DA:176,0
DA:178,0
DA:179,0
DA:181,0
DA:182,0
DA:183,0
DA:184,0
DA:185,0
DA:188,0
DA:193,0
DA:194,0
DA:199,0
DA:200,0
DA:201,0
DA:202,0
DA:204,0
DA:210,0
LF:61
LH:0
end_of_record
SF:lib/features/recipes/domain/entities/recipe.dart
DA:13,0
DA:24,0
DA:25,0
DA:27,0
DA:29,0
DA:31,0
DA:32,0
DA:33,0
DA:34,0
DA:35,0
DA:36,0
DA:41,0
DA:50,0
DA:53,0
DA:54,0
DA:62,0
DA:63,0
DA:64,0
DA:65,0
DA:67,0
DA:76,0
DA:77,0
DA:78,0
DA:79,0
DA:80,0
DA:81,0
DA:82,0
DA:83,0
DA:87,0
DA:88,0
DA:89,0
DA:90,0
DA:91,0
DA:92,0
DA:93,0
DA:94,0
DA:95,0
LF:37
LH:0
end_of_record
SF:lib/features/recipes/data/models/recipe_model.dart
DA:5,0
DA:15,0
DA:17,0
DA:18,0
DA:20,0
DA:21,0
DA:22,0
DA:23,0
DA:25,0
DA:26,0
DA:27,0
DA:28,0
DA:29,0
DA:33,0
DA:34,0
DA:35,0
DA:36,0
DA:37,0
DA:39,0
DA:40,0
DA:41,0
DA:42,0
DA:46,0
DA:47,0
DA:48,0
DA:49,0
DA:50,0
DA:51,0
DA:52,0
DA:53,0
DA:54,0
LF:31
LH:0
end_of_record
SF:lib/features/recipes/data/datasources/recipe_local_data_source.dart
DA:17,0
DA:20,0
DA:21,0
DA:24,0
DA:27,0
DA:29,0
DA:30,0
DA:33,0
DA:37,0
DA:40,0
DA:43,0
DA:44,0
DA:47,0
DA:48,0
DA:49,0
DA:50,0
DA:51,0
DA:52,0
DA:56,0
DA:58,0
DA:61,0
DA:64,0
DA:70,0
DA:73,0
DA:74,0
DA:75,0
DA:81,0
DA:84,0
DA:85,0
DA:91,0
DA:92,0
DA:93,0
DA:94,0
DA:97,0
DA:100,0
DA:101,0
DA:103,0
DA:105,0
DA:106,0
DA:107,0
DA:110,0
DA:111,0
DA:112,0
DA:113,0
DA:116,0
DA:118,0
DA:119,0
DA:120,0
DA:121,0
DA:124,0
DA:126,0
DA:127,0
DA:128,0
DA:131,0
DA:132,0
DA:133,0
DA:134,0
DA:137,0
DA:138,0
DA:143,0
DA:147,0
DA:153,0
DA:156,0
LF:63
LH:0
end_of_record
SF:lib/features/recipes/domain/entities/ingredient.dart
DA:9,0
DA:17,0
DA:19,0
DA:24,0
DA:28,0
DA:29,0
DA:33,0
DA:34,0
DA:36,0
DA:46,0
DA:47,0
DA:48,0
DA:49,0
DA:54,0
DA:55,0
DA:56,0
DA:57,0
DA:58,0
DA:60,0
DA:65,0
DA:66,0
DA:67,0
DA:71,0
DA:72,0
DA:73,0
DA:76,0
DA:80,0
DA:86,0
DA:87,0
DA:88,0
DA:89,0
DA:90,0
DA:95,0
DA:97,0
DA:98,0
DA:101,0
DA:102,0
DA:103,0
DA:105,0
DA:107,0
DA:110,0
DA:116,0
DA:119,0
DA:120,0
LF:44
LH:0
end_of_record
SF:lib/features/recipes/data/repositories/recipe_repository_impl.dart
DA:13,0
DA:18,0
DA:24,0
DA:28,0
DA:30,0
DA:34,0
DA:37,0
DA:38,0
DA:40,0
DA:44,0
DA:47,0
DA:48,0
DA:51,0
DA:55,0
DA:60,0
DA:63,0
DA:67,0
DA:72,0
DA:75,0
DA:79,0
DA:84,0
DA:85,0
DA:89,0
LF:23
LH:0
end_of_record
SF:lib/features/recipes/domain/services/recipe_calculator.dart
DA:7,0
DA:8,0
DA:12,0
DA:13,0
DA:14,0
DA:18,0
DA:20,0
DA:23,0
DA:29,0
DA:30,0
DA:34,0
DA:36,0
DA:39,0
DA:44,0
DA:48,0
DA:49,0
DA:50,0
DA:52,0
DA:56,0
DA:57,0
DA:61,0
DA:66,0
DA:67,0
DA:70,0
DA:76,0
DA:85,0
DA:104,0
DA:112,0
DA:113,0
DA:114,0
DA:115,0
DA:122,0
DA:123,0
DA:125,0
DA:133,0
DA:134,0
DA:135,0
DA:136,0
LF:38
LH:0
end_of_record
SF:lib/features/recipes/domain/usecases/generate_recipes.dart
DA:11,0
DA:13,0
DA:17,0
DA:18,0
DA:19,0
DA:28,0
DA:33,0
DA:34,0
LF:8
LH:0
end_of_record
SF:lib/features/recipes/domain/usecases/get_bookmarked_recipes.dart
DA:13,0
DA:18,0
DA:21,0
DA:23,0
DA:25,0
DA:27,0
DA:30,0
DA:31,0
DA:34,0
DA:35,0
DA:36,0
DA:39,0
DA:40,0
DA:41,0
DA:42,0
DA:43,0
DA:45,0
DA:48,0
DA:53,0
DA:54,0
DA:55,0
DA:56,0
DA:57,0
DA:60,0
DA:63,0
DA:67,0
DA:71,0
DA:75,0
DA:76,0
DA:77,0
DA:78,0
DA:79,0
DA:87,0
DA:90,0
LF:34
LH:0
end_of_record
SF:lib/features/recipes/domain/usecases/remove_bookmarked_recipe.dart
DA:11,0
DA:13,0
DA:17,0
DA:24,0
DA:26,0
DA:27,0
LF:6
LH:0
end_of_record
SF:lib/features/recipes/domain/usecases/save_bookmarked_recipe.dart
DA:12,0
DA:14,0
DA:16,0
DA:23,0
DA:25,0
DA:26,0
LF:6
LH:0
end_of_record
SF:lib/features/recipes/presentation/bloc/recipe_state.dart
DA:5,0
DA:7,0
DA:8,0
DA:19,0
DA:21,0
DA:22,0
DA:24,0
DA:28,0
DA:29,0
DA:30,0
DA:38,0
DA:40,0
DA:41,0
DA:43,0
DA:44,0
DA:45,0
DA:53,0
DA:55,0
DA:56,0
LF:19
LH:0
end_of_record
SF:lib/features/recipes/presentation/widgets/recipe_card.dart
DA:10,0
DA:12,0
DA:13,0
DA:20,0
DA:22,0
DA:23,0
DA:26,0
DA:27,0
DA:28,0
DA:32,0
DA:34,0
DA:36,0
DA:38,0
DA:40,0
DA:41,0
DA:43,0
DA:44,0
DA:45,0
DA:46,0
DA:47,0
DA:50,0
DA:55,0
DA:56,0
DA:57,0
DA:58,0
DA:61,0
DA:62,0
DA:63,0
DA:65,0
DA:67,0
DA:68,0
DA:69,0
DA:70,0
DA:73,0
DA:77,0
DA:84,0
DA:85,0
DA:88,0
DA:89,0
DA:90,0
DA:92,0
DA:96,0
DA:99,0
DA:100,0
DA:101,0
DA:104,0
DA:107,0
DA:111,0
DA:113,0
DA:116,0
DA:117,0
DA:118,0
DA:123,0
DA:124,0
DA:126,0
DA:128,0
DA:130,0
DA:131,0
DA:139,0
DA:140,0
DA:141,0
DA:142,0
DA:143,0
DA:145,0
DA:147,0
DA:149,0
DA:150,0
DA:153,0
DA:154,0
DA:157,0
DA:158,0
DA:159,0
DA:169,0
DA:173,0
DA:176,0
DA:177,0
DA:180,0
DA:183,0
DA:184,0
DA:187,0
DA:189,0
DA:190,0
DA:194,0
DA:196,0
DA:197,0
DA:205,0
DA:206,0
DA:210,0
DA:211,0
DA:217,0
DA:219,0
DA:220,0
DA:221,0
DA:223,0
DA:224,0
DA:225,0
DA:228,0
DA:229,0
DA:231,0
DA:232,0
DA:233,0
DA:235,0
DA:241,0
DA:242,0
DA:244,0
DA:246,0
DA:251,0
DA:252,0
DA:253,0
DA:254,0
DA:263,0
DA:265,0
DA:267,0
DA:270,0
DA:275,0
DA:278,0
DA:285,0
DA:287,0
DA:288,0
DA:289,0
DA:290,0
DA:292,0
DA:294,0
DA:302,0
DA:306,0
DA:307,0
DA:312,0
DA:313,0
DA:314,0
DA:315,0
DA:317,0
DA:319,0
DA:320,0
DA:325,0
LF:134
LH:0
end_of_record
SF:lib/features/recipes/presentation/widgets/serving_size_slider.dart
DA:9,0
DA:16,0
DA:18,0
DA:19,0
DA:20,0
DA:22,0
DA:24,0
DA:25,0
DA:26,0
DA:27,0
DA:28,0
DA:31,0
DA:33,0
DA:34,0
DA:36,0
DA:37,0
DA:39,0
DA:41,0
DA:44,0
DA:49,0
DA:50,0
DA:52,0
DA:53,0
DA:55,0
DA:56,0
DA:57,0
DA:58,0
DA:66,0
DA:67,0
DA:71,0
DA:72,0
DA:74,0
DA:75,0
DA:76,0
DA:78,0
DA:80,0
DA:81,0
DA:82,0
DA:83,0
DA:84,0
DA:85,0
DA:86,0
DA:87,0
DA:88,0
DA:90,0
DA:91,0
DA:103,0
DA:104,0
DA:107,0
DA:112,0
DA:113,0
DA:115,0
DA:116,0
DA:117,0
LF:54
LH:0
end_of_record
SF:lib/features/settings/data/datasources/settings_local_data_source.dart
DA:12,0
DA:18,0
DA:21,0
DA:22,0
DA:23,0
DA:25,0
DA:32,0
DA:36,0
DA:38,0
DA:40,0
DA:42,0
DA:44,0
DA:46,0
LF:13
LH:0
end_of_record
SF:lib/features/settings/data/models/notification_settings_model.dart
DA:5,0
DA:10,0
DA:11,0
DA:12,0
DA:13,0
DA:14,0
DA:15,0
DA:20,0
DA:21,0
DA:22,0
DA:23,0
DA:24,0
DA:28,0
DA:29,0
DA:30,0
DA:31,0
LF:16
LH:0
end_of_record
SF:lib/features/settings/domain/entities/notification_settings.dart
DA:8,0
DA:13,0
DA:17,0
DA:18,0
DA:19,0
DA:23,0
DA:24,0
LF:7
LH:0
end_of_record
SF:lib/features/settings/data/repositories/settings_repository_impl.dart
DA:12,0
DA:14,0
DA:18,0
DA:19,0
DA:20,0
DA:21,0
DA:25,0
DA:30,0
DA:31,0
DA:33,0
DA:34,0
LF:11
LH:0
end_of_record
SF:lib/features/settings/domain/usecases/save_notification_settings.dart
DA:12,0
DA:14,0
DA:18,0
DA:25,0
DA:27,0
DA:28,0
LF:6
LH:0
end_of_record
SF:lib/features/statistics/data/datasources/statistics_local_data_source.dart
DA:19,0
DA:20,0
DA:21,0
DA:22,0
DA:25,0
DA:26,0
DA:27,0
DA:29,0
DA:32,0
DA:34,0
DA:47,0
DA:56,0
DA:57,0
DA:58,0
DA:67,0
DA:69,0
DA:78,0
DA:80,0
DA:81,0
DA:94,0
DA:99,0
DA:100,0
DA:103,0
DA:104,0
DA:105,0
DA:111,0
DA:112,0
DA:113,0
DA:114,0
DA:115,0
DA:116,0
DA:117,0
DA:121,0
DA:124,0
DA:130,0
DA:131,0
DA:135,0
DA:139,0
DA:150,0
DA:153,0
DA:154,0
DA:156,0
DA:157,0
DA:162,0
DA:163,0
DA:165,0
DA:170,0
DA:171,0
DA:173,0
DA:178,0
DA:179,0
DA:181,0
DA:186,0
DA:187,0
DA:189,0
DA:194,0
DA:195,0
DA:197,0
DA:202,0
DA:203,0
DA:207,0
DA:208,0
LF:62
LH:0
end_of_record
SF:lib/features/statistics/domain/entities/waste_entry.dart
DA:7,0
LF:1
LH:0
end_of_record
SF:lib/features/statistics/data/repositories/statistics_repository_impl.dart
DA:8,0
DA:10,0
DA:15,0
DA:18,0
DA:24,0
DA:27,0
DA:33,0
LF:7
LH:0
end_of_record
SF:lib/modern_splash_screen.dart
DA:8,2
DA:10,1
DA:11,1
DA:33,1
DA:35,1
DA:38,1
DA:41,2
DA:46,2
DA:49,2
DA:50,1
DA:54,2
DA:57,2
DA:58,1
DA:63,2
DA:68,2
DA:71,2
DA:72,1
DA:76,2
DA:79,2
DA:80,1
DA:85,2
DA:90,2
DA:93,2
DA:94,1
DA:98,2
DA:101,2
DA:102,1
DA:107,2
DA:112,2
DA:115,2
DA:116,1
DA:121,1
DA:124,1
DA:126,1
DA:129,0
DA:132,0
DA:133,0
DA:136,0
DA:137,0
DA:140,0
DA:141,0
DA:144,0
DA:146,0
DA:148,0
DA:149,0
DA:150,0
DA:155,0
DA:157,0
DA:158,0
DA:159,0
DA:160,0
DA:161,0
DA:164,1
DA:166,1
DA:167,0
DA:170,3
DA:171,2
DA:172,2
DA:174,1
DA:176,1
DA:177,1
DA:179,1
DA:180,1
DA:183,0
DA:184,0
DA:192,1
DA:196,1
DA:197,1
DA:198,1
DA:199,1
DA:200,1
DA:201,2
DA:205,1
DA:206,1
DA:207,1
DA:208,1
DA:209,1
DA:211,1
DA:212,1
DA:213,1
DA:214,1
DA:215,1
DA:216,1
DA:221,1
DA:223,1
DA:225,1
DA:230,1
DA:231,1
DA:233,2
DA:252,1
DA:256,1
DA:257,1
DA:259,1
DA:260,1
DA:261,1
DA:262,1
DA:263,1
DA:266,1
DA:267,1
DA:268,1
DA:269,1
DA:274,1
DA:277,1
DA:282,1
DA:283,1
DA:285,1
DA:298,1
DA:299,1
DA:300,1
DA:301,1
DA:302,1
DA:303,0
DA:304,0
DA:306,0
DA:311,0
DA:312,1
DA:315,1
DA:320,1
DA:321,1
DA:323,1
LF:120
LH:95
end_of_record
